# JRE version: Java(TM) SE Runtime Environment (8.0_66-b18) (build 1.8.0_66-b18)
# Java VM: Java HotSpot(TM) 64-Bit Server VM (25.66-b18 mixed mode windows-amd64 compressed oops)
Heap:
 PSYoungGen      total 53760K, used 2203K [0x00000007bc400000, 0x00000007c0000000, 0x00000007c0000000)
  eden space 46080K, 4% used [0x00000007bc400000,0x00000007bc626f18,0x00000007bf100000)
  from space 7680K, 0% used [0x00000007bf100000,0x00000007bf100000,0x00000007bf880000)
  to   space 7680K, 0% used [0x00000007bf880000,0x00000007bf880000,0x00000007c0000000)
 ParOldGen       total 167936K, used 28692K [0x0000000700000000, 0x000000070a400000, 0x00000007bc400000)
  object space 167936K, 17% used [0x0000000700000000,0x0000000701c05240,0x000000070a400000)
 Metaspace       used 34918K, capacity 35224K, committed 35712K, reserved 1079296K
  class space    used 4864K, capacity 4938K, committed 4992K, reserved 1048576K
GC Heap History (10 events):
Event: 1.542 GC heap before
{Heap before GC invocations=3 (full 1):
 PSYoungGen      total 53760K, used 7653K [0x00000007bc400000, 0x00000007c0000000, 0x00000007c0000000)
  eden space 46080K, 0% used [0x00000007bc400000,0x00000007bc400000,0x00000007bf100000)
  from space 7680K, 99% used [0x00000007bf880000,0x00000007bfff97b8,0x00000007c0000000)
  to   space 7680K, 0% used [0x00000007bf100000,0x00000007bf100000,0x00000007bf880000)
 ParOldGen       total 69632K, used 5905K [0x0000000700000000, 0x0000000704400000, 0x00000007bc400000)
  object space 69632K, 8% used [0x0000000700000000,0x00000007005c4688,0x0000000704400000)
 Metaspace       used 20865K, capacity 21084K, committed 21296K, reserved 1069056K
  class space    used 2582K, capacity 2643K, committed 2688K, reserved 1048576K
Event: 1.587 GC heap after
Heap after GC invocations=3 (full 1):
 PSYoungGen      total 53760K, used 0K [0x00000007bc400000, 0x00000007c0000000, 0x00000007c0000000)
  eden space 46080K, 0% used [0x00000007bc400000,0x00000007bc400000,0x00000007bf100000)
  from space 7680K, 0% used [0x00000007bf880000,0x00000007bf880000,0x00000007c0000000)
  to   space 7680K, 0% used [0x00000007bf100000,0x00000007bf100000,0x00000007bf880000)
 ParOldGen       total 92160K, used 12563K [0x0000000700000000, 0x0000000705a00000, 0x00000007bc400000)
  object space 92160K, 13% used [0x0000000700000000,0x0000000700c44ca8,0x0000000705a00000)
 Metaspace       used 20865K, capacity 21084K, committed 21296K, reserved 1069056K
  class space    used 2582K, capacity 2643K, committed 2688K, reserved 1048576K
}
Event: 2.001 GC heap before
{Heap before GC invocations=4 (full 1):
 PSYoungGen      total 53760K, used 46080K [0x00000007bc400000, 0x00000007c0000000, 0x00000007c0000000)
  eden space 46080K, 100% used [0x00000007bc400000,0x00000007bf100000,0x00000007bf100000)
  from space 7680K, 0% used [0x00000007bf880000,0x00000007bf880000,0x00000007c0000000)
  to   space 7680K, 0% used [0x00000007bf100000,0x00000007bf100000,0x00000007bf880000)
 ParOldGen       total 92160K, used 12563K [0x0000000700000000, 0x0000000705a00000, 0x00000007bc400000)
  object space 92160K, 13% used [0x0000000700000000,0x0000000700c44ca8,0x0000000705a00000)
 Metaspace       used 26680K, capacity 26985K, committed 27392K, reserved 1073152K
  class space    used 3388K, capacity 3486K, committed 3584K, reserved 1048576K
Event: 2.005 GC heap after
Heap after GC invocations=4 (full 1):
 PSYoungGen      total 53760K, used 7660K [0x00000007bc400000, 0x00000007c0000000, 0x00000007c0000000)
  eden space 46080K, 0% used [0x00000007bc400000,0x00000007bc400000,0x00000007bf100000)
  from space 7680K, 99% used [0x00000007bf100000,0x00000007bf87b3f0,0x00000007bf880000)
  to   space 7680K, 0% used [0x00000007bf880000,0x00000007bf880000,0x00000007c0000000)
 ParOldGen       total 92160K, used 13700K [0x0000000700000000, 0x0000000705a00000, 0x00000007bc400000)
  object space 92160K, 14% used [0x0000000700000000,0x0000000700d613e8,0x0000000705a00000)
 Metaspace       used 26680K, capacity 26985K, committed 27392K, reserved 1073152K
  class space    used 3388K, capacity 3486K, committed 3584K, reserved 1048576K
}
Event: 2.449 GC heap before
{Heap before GC invocations=5 (full 1):
 PSYoungGen      total 53760K, used 53740K [0x00000007bc400000, 0x00000007c0000000, 0x00000007c0000000)
  eden space 46080K, 100% used [0x00000007bc400000,0x00000007bf100000,0x00000007bf100000)
  from space 7680K, 99% used [0x00000007bf100000,0x00000007bf87b3f0,0x00000007bf880000)
  to   space 7680K, 0% used [0x00000007bf880000,0x00000007bf880000,0x00000007c0000000)
 ParOldGen       total 92160K, used 13700K [0x0000000700000000, 0x0000000705a00000, 0x00000007bc400000)
  object space 92160K, 14% used [0x0000000700000000,0x0000000700d613e8,0x0000000705a00000)
 Metaspace       used 30042K, capacity 30357K, committed 30848K, reserved 1075200K
  class space    used 4033K, capacity 4100K, committed 4224K, reserved 1048576K
Event: 2.455 GC heap after
Heap after GC invocations=5 (full 1):
 PSYoungGen      total 53760K, used 7668K [0x00000007bc400000, 0x00000007c0000000, 0x00000007c0000000)
  eden space 46080K, 0% used [0x00000007bc400000,0x00000007bc400000,0x00000007bf100000)
  from space 7680K, 99% used [0x00000007bf880000,0x00000007bfffd058,0x00000007c0000000)
  to   space 7680K, 0% used [0x00000007bf100000,0x00000007bf100000,0x00000007bf880000)
 ParOldGen       total 92160K, used 18094K [0x0000000700000000, 0x0000000705a00000, 0x00000007bc400000)
  object space 92160K, 19% used [0x0000000700000000,0x00000007011aba78,0x0000000705a00000)
 Metaspace       used 30042K, capacity 30357K, committed 30848K, reserved 1075200K
  class space    used 4033K, capacity 4100K, committed 4224K, reserved 1048576K
}
Event: 2.860 GC heap before
{Heap before GC invocations=6 (full 1):
 PSYoungGen      total 53760K, used 37768K [0x00000007bc400000, 0x00000007c0000000, 0x00000007c0000000)
  eden space 46080K, 65% used [0x00000007bc400000,0x00000007be1652f0,0x00000007bf100000)
  from space 7680K, 99% used [0x00000007bf880000,0x00000007bfffd058,0x00000007c0000000)
  to   space 7680K, 0% used [0x00000007bf100000,0x00000007bf100000,0x00000007bf880000)
 ParOldGen       total 92160K, used 18094K [0x0000000700000000, 0x0000000705a00000, 0x00000007bc400000)
  object space 92160K, 19% used [0x0000000700000000,0x00000007011aba78,0x0000000705a00000)
 Metaspace       used 34826K, capacity 35160K, committed 35456K, reserved 1079296K
  class space    used 4842K, capacity 4938K, committed 4992K, reserved 1048576K
Event: 2.870 GC heap after
Heap after GC invocations=6 (full 1):
 PSYoungGen      total 53760K, used 7664K [0x00000007bc400000, 0x00000007c0000000, 0x00000007c0000000)
  eden space 46080K, 0% used [0x00000007bc400000,0x00000007bc400000,0x00000007bf100000)
  from space 7680K, 99% used [0x00000007bf100000,0x00000007bf87c130,0x00000007bf880000)
  to   space 7680K, 0% used [0x00000007bf880000,0x00000007bf880000,0x00000007c0000000)
 ParOldGen       total 92160K, used 36392K [0x0000000700000000, 0x0000000705a00000, 0x00000007bc400000)
  object space 92160K, 39% used [0x0000000700000000,0x000000070238a2b0,0x0000000705a00000)
 Metaspace       used 34826K, capacity 35160K, committed 35456K, reserved 1079296K
  class space    used 4842K, capacity 4938K, committed 4992K, reserved 1048576K
}
Event: 2.870 GC heap before
{Heap before GC invocations=7 (full 2):
 PSYoungGen      total 53760K, used 7664K [0x00000007bc400000, 0x00000007c0000000, 0x00000007c0000000)
  eden space 46080K, 0% used [0x00000007bc400000,0x00000007bc400000,0x00000007bf100000)
  from space 7680K, 99% used [0x00000007bf100000,0x00000007bf87c130,0x00000007bf880000)
  to   space 7680K, 0% used [0x00000007bf880000,0x00000007bf880000,0x00000007c0000000)
 ParOldGen       total 92160K, used 36392K [0x0000000700000000, 0x0000000705a00000, 0x00000007bc400000)
  object space 92160K, 39% used [0x0000000700000000,0x000000070238a2b0,0x0000000705a00000)
 Metaspace       used 34826K, capacity 35160K, committed 35456K, reserved 1079296K
  class space    used 4842K, capacity 4938K, committed 4992K, reserved 1048576K
Event: 2.933 GC heap after
Heap after GC invocations=7 (full 2):
 PSYoungGen      total 53760K, used 0K [0x00000007bc400000, 0x00000007c0000000, 0x00000007c0000000)
  eden space 46080K, 0% used [0x00000007bc400000,0x00000007bc400000,0x00000007bf100000)
  from space 7680K, 0% used [0x00000007bf100000,0x00000007bf100000,0x00000007bf880000)
  to   space 7680K, 0% used [0x00000007bf880000,0x00000007bf880000,0x00000007c0000000)
 ParOldGen       total 167936K, used 28692K [0x0000000700000000, 0x000000070a400000, 0x00000007bc400000)
  object space 167936K, 17% used [0x0000000700000000,0x0000000701c05240,0x000000070a400000)
 Metaspace       used 34826K, capacity 35160K, committed 35456K, reserved 1079296K
  class space    used 4842K, capacity 4938K, committed 4992K, reserved 1048576K
}

