# JRE version: Java(TM) SE Runtime Environment (8.0_66-b18) (build 1.8.0_66-b18)
# Java VM: Java HotSpot(TM) 64-Bit Server VM (25.66-b18 mixed mode windows-amd64 compressed oops)
Heap:
 PSYoungGen      total 53760K, used 2971K [0x00000007bc400000, 0x00000007c0000000, 0x00000007c0000000)
  eden space 46080K, 6% used [0x00000007bc400000,0x00000007bc6e6f38,0x00000007bf100000)
  from space 7680K, 0% used [0x00000007bf100000,0x00000007bf100000,0x00000007bf880000)
  to   space 7680K, 0% used [0x00000007bf880000,0x00000007bf880000,0x00000007c0000000)
 ParOldGen       total 122880K, used 28785K [0x0000000700000000, 0x0000000707800000, 0x00000007bc400000)
  object space 122880K, 23% used [0x0000000700000000,0x0000000701c1c7b8,0x0000000707800000)
 Metaspace       used 35059K, capacity 35352K, committed 35712K, reserved 1079296K
  class space    used 4866K, capacity 4938K, committed 4992K, reserved 1048576K
GC Heap History (10 events):
Event: 4.748 GC heap before
{Heap before GC invocations=3 (full 1):
 PSYoungGen      total 53760K, used 7653K [0x00000007bc400000, 0x00000007c0000000, 0x00000007c0000000)
  eden space 46080K, 0% used [0x00000007bc400000,0x00000007bc400000,0x00000007bf100000)
  from space 7680K, 99% used [0x00000007bf880000,0x00000007bfff9798,0x00000007c0000000)
  to   space 7680K, 0% used [0x00000007bf100000,0x00000007bf100000,0x00000007bf880000)
 ParOldGen       total 69632K, used 6071K [0x0000000700000000, 0x0000000704400000, 0x00000007bc400000)
  object space 69632K, 8% used [0x0000000700000000,0x00000007005edd28,0x0000000704400000)
 Metaspace       used 20897K, capacity 21084K, committed 21296K, reserved 1069056K
  class space    used 2580K, capacity 2643K, committed 2688K, reserved 1048576K
Event: 4.773 GC heap after
Heap after GC invocations=3 (full 1):
 PSYoungGen      total 53760K, used 0K [0x00000007bc400000, 0x00000007c0000000, 0x00000007c0000000)
  eden space 46080K, 0% used [0x00000007bc400000,0x00000007bc400000,0x00000007bf100000)
  from space 7680K, 0% used [0x00000007bf880000,0x00000007bf880000,0x00000007c0000000)
  to   space 7680K, 0% used [0x00000007bf100000,0x00000007bf100000,0x00000007bf880000)
 ParOldGen       total 69632K, used 12509K [0x0000000700000000, 0x0000000704400000, 0x00000007bc400000)
  object space 69632K, 17% used [0x0000000700000000,0x0000000700c374d0,0x0000000704400000)
 Metaspace       used 20897K, capacity 21084K, committed 21296K, reserved 1069056K
  class space    used 2580K, capacity 2643K, committed 2688K, reserved 1048576K
}
Event: 5.367 GC heap before
{Heap before GC invocations=4 (full 1):
 PSYoungGen      total 53760K, used 46080K [0x00000007bc400000, 0x00000007c0000000, 0x00000007c0000000)
  eden space 46080K, 100% used [0x00000007bc400000,0x00000007bf100000,0x00000007bf100000)
  from space 7680K, 0% used [0x00000007bf880000,0x00000007bf880000,0x00000007c0000000)
  to   space 7680K, 0% used [0x00000007bf100000,0x00000007bf100000,0x00000007bf880000)
 ParOldGen       total 69632K, used 12509K [0x0000000700000000, 0x0000000704400000, 0x00000007bc400000)
  object space 69632K, 17% used [0x0000000700000000,0x0000000700c374d0,0x0000000704400000)
 Metaspace       used 26660K, capacity 26953K, committed 27264K, reserved 1073152K
  class space    used 3382K, capacity 3454K, committed 3456K, reserved 1048576K
Event: 5.371 GC heap after
Heap after GC invocations=4 (full 1):
 PSYoungGen      total 53760K, used 7649K [0x00000007bc400000, 0x00000007c0000000, 0x00000007c0000000)
  eden space 46080K, 0% used [0x00000007bc400000,0x00000007bc400000,0x00000007bf100000)
  from space 7680K, 99% used [0x00000007bf100000,0x00000007bf878750,0x00000007bf880000)
  to   space 7680K, 0% used [0x00000007bf880000,0x00000007bf880000,0x00000007c0000000)
 ParOldGen       total 69632K, used 13558K [0x0000000700000000, 0x0000000704400000, 0x00000007bc400000)
  object space 69632K, 19% used [0x0000000700000000,0x0000000700d3d920,0x0000000704400000)
 Metaspace       used 26660K, capacity 26953K, committed 27264K, reserved 1073152K
  class space    used 3382K, capacity 3454K, committed 3456K, reserved 1048576K
}
Event: 5.833 GC heap before
{Heap before GC invocations=5 (full 1):
 PSYoungGen      total 53760K, used 53729K [0x00000007bc400000, 0x00000007c0000000, 0x00000007c0000000)
  eden space 46080K, 100% used [0x00000007bc400000,0x00000007bf100000,0x00000007bf100000)
  from space 7680K, 99% used [0x00000007bf100000,0x00000007bf878750,0x00000007bf880000)
  to   space 7680K, 0% used [0x00000007bf880000,0x00000007bf880000,0x00000007c0000000)
 ParOldGen       total 69632K, used 13558K [0x0000000700000000, 0x0000000704400000, 0x00000007bc400000)
  object space 69632K, 19% used [0x0000000700000000,0x0000000700d3d920,0x0000000704400000)
 Metaspace       used 29978K, capacity 30325K, committed 30464K, reserved 1075200K
  class space    used 4001K, capacity 4068K, committed 4096K, reserved 1048576K
Event: 5.839 GC heap after
Heap after GC invocations=5 (full 1):
 PSYoungGen      total 53760K, used 7678K [0x00000007bc400000, 0x00000007c0000000, 0x00000007c0000000)
  eden space 46080K, 0% used [0x00000007bc400000,0x00000007bc400000,0x00000007bf100000)
  from space 7680K, 99% used [0x00000007bf880000,0x00000007bffff8a8,0x00000007c0000000)
  to   space 7680K, 0% used [0x00000007bf100000,0x00000007bf100000,0x00000007bf880000)
 ParOldGen       total 69632K, used 17896K [0x0000000700000000, 0x0000000704400000, 0x00000007bc400000)
  object space 69632K, 25% used [0x0000000700000000,0x000000070117a010,0x0000000704400000)
 Metaspace       used 29978K, capacity 30325K, committed 30464K, reserved 1075200K
  class space    used 4001K, capacity 4068K, committed 4096K, reserved 1048576K
}
Event: 6.308 GC heap before
{Heap before GC invocations=6 (full 1):
 PSYoungGen      total 53760K, used 38653K [0x00000007bc400000, 0x00000007c0000000, 0x00000007c0000000)
  eden space 46080K, 67% used [0x00000007bc400000,0x00000007be23fd68,0x00000007bf100000)
  from space 7680K, 99% used [0x00000007bf880000,0x00000007bffff8a8,0x00000007c0000000)
  to   space 7680K, 0% used [0x00000007bf100000,0x00000007bf100000,0x00000007bf880000)
 ParOldGen       total 69632K, used 17896K [0x0000000700000000, 0x0000000704400000, 0x00000007bc400000)
  object space 69632K, 25% used [0x0000000700000000,0x000000070117a010,0x0000000704400000)
 Metaspace       used 34912K, capacity 35224K, committed 35456K, reserved 1079296K
  class space    used 4841K, capacity 4938K, committed 4992K, reserved 1048576K
Event: 6.316 GC heap after
Heap after GC invocations=6 (full 1):
 PSYoungGen      total 53760K, used 7668K [0x00000007bc400000, 0x00000007c0000000, 0x00000007c0000000)
  eden space 46080K, 0% used [0x00000007bc400000,0x00000007bc400000,0x00000007bf100000)
  from space 7680K, 99% used [0x00000007bf100000,0x00000007bf87d020,0x00000007bf880000)
  to   space 7680K, 0% used [0x00000007bf880000,0x00000007bf880000,0x00000007c0000000)
 ParOldGen       total 69632K, used 36596K [0x0000000700000000, 0x0000000704400000, 0x00000007bc400000)
  object space 69632K, 52% used [0x0000000700000000,0x00000007023bd030,0x0000000704400000)
 Metaspace       used 34912K, capacity 35224K, committed 35456K, reserved 1079296K
  class space    used 4841K, capacity 4938K, committed 4992K, reserved 1048576K
}
Event: 6.316 GC heap before
{Heap before GC invocations=7 (full 2):
 PSYoungGen      total 53760K, used 7668K [0x00000007bc400000, 0x00000007c0000000, 0x00000007c0000000)
  eden space 46080K, 0% used [0x00000007bc400000,0x00000007bc400000,0x00000007bf100000)
  from space 7680K, 99% used [0x00000007bf100000,0x00000007bf87d020,0x00000007bf880000)
  to   space 7680K, 0% used [0x00000007bf880000,0x00000007bf880000,0x00000007c0000000)
 ParOldGen       total 69632K, used 36596K [0x0000000700000000, 0x0000000704400000, 0x00000007bc400000)
  object space 69632K, 52% used [0x0000000700000000,0x00000007023bd030,0x0000000704400000)
 Metaspace       used 34912K, capacity 35224K, committed 35456K, reserved 1079296K
  class space    used 4841K, capacity 4938K, committed 4992K, reserved 1048576K
Event: 6.361 GC heap after
Heap after GC invocations=7 (full 2):
 PSYoungGen      total 53760K, used 0K [0x00000007bc400000, 0x00000007c0000000, 0x00000007c0000000)
  eden space 46080K, 0% used [0x00000007bc400000,0x00000007bc400000,0x00000007bf100000)
  from space 7680K, 0% used [0x00000007bf100000,0x00000007bf100000,0x00000007bf880000)
  to   space 7680K, 0% used [0x00000007bf880000,0x00000007bf880000,0x00000007c0000000)
 ParOldGen       total 122880K, used 28785K [0x0000000700000000, 0x0000000707800000, 0x00000007bc400000)
  object space 122880K, 23% used [0x0000000700000000,0x0000000701c1c7b8,0x0000000707800000)
 Metaspace       used 34912K, capacity 35224K, committed 35456K, reserved 1079296K
  class space    used 4841K, capacity 4938K, committed 4992K, reserved 1048576K
}

