# JRE version: Java(TM) SE Runtime Environment (8.0_66-b18) (build 1.8.0_66-b18)
# Java VM: Java HotSpot(TM) 64-Bit Server VM (25.66-b18 mixed mode windows-amd64 compressed oops)
Heap:
 PSYoungGen      total 53760K, used 9247K [0x00000007bc400000, 0x00000007c0000000, 0x00000007c0000000)
  eden space 46080K, 3% used [0x00000007bc400000,0x00000007bc58acf0,0x00000007bf100000)
  from space 7680K, 99% used [0x00000007bf100000,0x00000007bf87d020,0x00000007bf880000)
  to   space 7680K, 0% used [0x00000007bf880000,0x00000007bf880000,0x00000007c0000000)
 ParOldGen       total 99840K, used 36556K [0x0000000700000000, 0x0000000706180000, 0x00000007bc400000)
  object space 99840K, 36% used [0x0000000700000000,0x00000007023b31d8,0x0000000706180000)
 Metaspace       used 34996K, capacity 35348K, committed 35712K, reserved 1079296K
  class space    used 4859K, capacity 4938K, committed 4992K, reserved 1048576K
GC Heap History (10 events):
Event: 1.584 GC heap before
{Heap before GC invocations=2 (full 0):
 PSYoungGen      total 53760K, used 42656K [0x00000007bc400000, 0x00000007c0000000, 0x00000007c0000000)
  eden space 46080K, 75% used [0x00000007bc400000,0x00000007be6292a0,0x00000007bf100000)
  from space 7680K, 99% used [0x00000007bf100000,0x00000007bf87ed80,0x00000007bf880000)
  to   space 7680K, 0% used [0x00000007bf880000,0x00000007bf880000,0x00000007c0000000)
 ParOldGen       total 69632K, used 885K [0x0000000700000000, 0x0000000704400000, 0x00000007bc400000)
  object space 69632K, 1% used [0x0000000700000000,0x00000007000dd478,0x0000000704400000)
 Metaspace       used 20891K, capacity 21080K, committed 21296K, reserved 1069056K
  class space    used 2580K, capacity 2643K, committed 2688K, reserved 1048576K
Event: 1.592 GC heap after
Heap after GC invocations=2 (full 0):
 PSYoungGen      total 53760K, used 7669K [0x00000007bc400000, 0x00000007c0000000, 0x00000007c0000000)
  eden space 46080K, 0% used [0x00000007bc400000,0x00000007bc400000,0x00000007bf100000)
  from space 7680K, 99% used [0x00000007bf880000,0x00000007bfffd7a8,0x00000007c0000000)
  to   space 7680K, 0% used [0x00000007bf100000,0x00000007bf100000,0x00000007bf880000)
 ParOldGen       total 69632K, used 5889K [0x0000000700000000, 0x0000000704400000, 0x00000007bc400000)
  object space 69632K, 8% used [0x0000000700000000,0x00000007005c0598,0x0000000704400000)
 Metaspace       used 20891K, capacity 21080K, committed 21296K, reserved 1069056K
  class space    used 2580K, capacity 2643K, committed 2688K, reserved 1048576K
}
Event: 1.592 GC heap before
{Heap before GC invocations=3 (full 1):
 PSYoungGen      total 53760K, used 7669K [0x00000007bc400000, 0x00000007c0000000, 0x00000007c0000000)
  eden space 46080K, 0% used [0x00000007bc400000,0x00000007bc400000,0x00000007bf100000)
  from space 7680K, 99% used [0x00000007bf880000,0x00000007bfffd7a8,0x00000007c0000000)
  to   space 7680K, 0% used [0x00000007bf100000,0x00000007bf100000,0x00000007bf880000)
 ParOldGen       total 69632K, used 5889K [0x0000000700000000, 0x0000000704400000, 0x00000007bc400000)
  object space 69632K, 8% used [0x0000000700000000,0x00000007005c0598,0x0000000704400000)
 Metaspace       used 20891K, capacity 21080K, committed 21296K, reserved 1069056K
  class space    used 2580K, capacity 2643K, committed 2688K, reserved 1048576K
Event: 1.633 GC heap after
Heap after GC invocations=3 (full 1):
 PSYoungGen      total 53760K, used 0K [0x00000007bc400000, 0x00000007c0000000, 0x00000007c0000000)
  eden space 46080K, 0% used [0x00000007bc400000,0x00000007bc400000,0x00000007bf100000)
  from space 7680K, 0% used [0x00000007bf880000,0x00000007bf880000,0x00000007c0000000)
  to   space 7680K, 0% used [0x00000007bf100000,0x00000007bf100000,0x00000007bf880000)
 ParOldGen       total 99840K, used 12491K [0x0000000700000000, 0x0000000706180000, 0x00000007bc400000)
  object space 99840K, 12% used [0x0000000700000000,0x0000000700c32e38,0x0000000706180000)
 Metaspace       used 20891K, capacity 21080K, committed 21296K, reserved 1069056K
  class space    used 2580K, capacity 2643K, committed 2688K, reserved 1048576K
}
Event: 2.201 GC heap before
{Heap before GC invocations=4 (full 1):
 PSYoungGen      total 53760K, used 46080K [0x00000007bc400000, 0x00000007c0000000, 0x00000007c0000000)
  eden space 46080K, 100% used [0x00000007bc400000,0x00000007bf100000,0x00000007bf100000)
  from space 7680K, 0% used [0x00000007bf880000,0x00000007bf880000,0x00000007c0000000)
  to   space 7680K, 0% used [0x00000007bf100000,0x00000007bf100000,0x00000007bf880000)
 ParOldGen       total 99840K, used 12491K [0x0000000700000000, 0x0000000706180000, 0x00000007bc400000)
  object space 99840K, 12% used [0x0000000700000000,0x0000000700c32e38,0x0000000706180000)
 Metaspace       used 26711K, capacity 27045K, committed 27392K, reserved 1073152K
  class space    used 3388K, capacity 3486K, committed 3584K, reserved 1048576K
Event: 2.208 GC heap after
Heap after GC invocations=4 (full 1):
 PSYoungGen      total 53760K, used 7679K [0x00000007bc400000, 0x00000007c0000000, 0x00000007c0000000)
  eden space 46080K, 0% used [0x00000007bc400000,0x00000007bc400000,0x00000007bf100000)
  from space 7680K, 99% used [0x00000007bf100000,0x00000007bf87fda0,0x00000007bf880000)
  to   space 7680K, 0% used [0x00000007bf880000,0x00000007bf880000,0x00000007c0000000)
 ParOldGen       total 99840K, used 13520K [0x0000000700000000, 0x0000000706180000, 0x00000007bc400000)
  object space 99840K, 13% used [0x0000000700000000,0x0000000700d34290,0x0000000706180000)
 Metaspace       used 26711K, capacity 27045K, committed 27392K, reserved 1073152K
  class space    used 3388K, capacity 3486K, committed 3584K, reserved 1048576K
}
Event: 2.732 GC heap before
{Heap before GC invocations=5 (full 1):
 PSYoungGen      total 53760K, used 53759K [0x00000007bc400000, 0x00000007c0000000, 0x00000007c0000000)
  eden space 46080K, 100% used [0x00000007bc400000,0x00000007bf100000,0x00000007bf100000)
  from space 7680K, 99% used [0x00000007bf100000,0x00000007bf87fda0,0x00000007bf880000)
  to   space 7680K, 0% used [0x00000007bf880000,0x00000007bf880000,0x00000007c0000000)
 ParOldGen       total 99840K, used 13520K [0x0000000700000000, 0x0000000706180000, 0x00000007bc400000)
  object space 99840K, 13% used [0x0000000700000000,0x0000000700d34290,0x0000000706180000)
 Metaspace       used 30086K, capacity 30417K, committed 30848K, reserved 1075200K
  class space    used 4033K, capacity 4100K, committed 4224K, reserved 1048576K
Event: 2.738 GC heap after
Heap after GC invocations=5 (full 1):
 PSYoungGen      total 53760K, used 7652K [0x00000007bc400000, 0x00000007c0000000, 0x00000007c0000000)
  eden space 46080K, 0% used [0x00000007bc400000,0x00000007bc400000,0x00000007bf100000)
  from space 7680K, 99% used [0x00000007bf880000,0x00000007bfff9048,0x00000007c0000000)
  to   space 7680K, 0% used [0x00000007bf100000,0x00000007bf100000,0x00000007bf880000)
 ParOldGen       total 99840K, used 17924K [0x0000000700000000, 0x0000000706180000, 0x00000007bc400000)
  object space 99840K, 17% used [0x0000000700000000,0x0000000701181048,0x0000000706180000)
 Metaspace       used 30086K, capacity 30417K, committed 30848K, reserved 1075200K
  class space    used 4033K, capacity 4100K, committed 4224K, reserved 1048576K
}
Event: 3.210 GC heap before
{Heap before GC invocations=6 (full 1):
 PSYoungGen      total 53760K, used 38852K [0x00000007bc400000, 0x00000007c0000000, 0x00000007c0000000)
  eden space 46080K, 67% used [0x00000007bc400000,0x00000007be2782e0,0x00000007bf100000)
  from space 7680K, 99% used [0x00000007bf880000,0x00000007bfff9048,0x00000007c0000000)
  to   space 7680K, 0% used [0x00000007bf100000,0x00000007bf100000,0x00000007bf880000)
 ParOldGen       total 99840K, used 17924K [0x0000000700000000, 0x0000000706180000, 0x00000007bc400000)
  object space 99840K, 17% used [0x0000000700000000,0x0000000701181048,0x0000000706180000)
 Metaspace       used 34869K, capacity 35284K, committed 35712K, reserved 1079296K
  class space    used 4837K, capacity 4938K, committed 4992K, reserved 1048576K
Event: 3.223 GC heap after
Heap after GC invocations=6 (full 1):
 PSYoungGen      total 53760K, used 7668K [0x00000007bc400000, 0x00000007c0000000, 0x00000007c0000000)
  eden space 46080K, 0% used [0x00000007bc400000,0x00000007bc400000,0x00000007bf100000)
  from space 7680K, 99% used [0x00000007bf100000,0x00000007bf87d020,0x00000007bf880000)
  to   space 7680K, 0% used [0x00000007bf880000,0x00000007bf880000,0x00000007c0000000)
 ParOldGen       total 99840K, used 36556K [0x0000000700000000, 0x0000000706180000, 0x00000007bc400000)
  object space 99840K, 36% used [0x0000000700000000,0x00000007023b31d8,0x0000000706180000)
 Metaspace       used 34869K, capacity 35284K, committed 35712K, reserved 1079296K
  class space    used 4837K, capacity 4938K, committed 4992K, reserved 1048576K
}

