# JRE version: Java(TM) SE Runtime Environment (8.0_66-b18) (build 1.8.0_66-b18)
# Java VM: Java HotSpot(TM) 64-Bit Server VM (25.66-b18 mixed mode windows-amd64 compressed oops)
Heap:
 PSYoungGen      total 53760K, used 2303K [0x00000007bc400000, 0x00000007c0000000, 0x00000007c0000000)
  eden space 46080K, 4% used [0x00000007bc400000,0x00000007bc63fe20,0x00000007bf100000)
  from space 7680K, 0% used [0x00000007bf100000,0x00000007bf100000,0x00000007bf880000)
  to   space 7680K, 0% used [0x00000007bf880000,0x00000007bf880000,0x00000007c0000000)
 ParOldGen       total 180224K, used 28764K [0x0000000700000000, 0x000000070b000000, 0x00000007bc400000)
  object space 180224K, 15% used [0x0000000700000000,0x0000000701c171f0,0x000000070b000000)
 Metaspace       used 35041K, capacity 35352K, committed 35712K, reserved 1079296K
  class space    used 4860K, capacity 4938K, committed 4992K, reserved 1048576K
GC Heap History (10 events):
Event: 4.335 GC heap before
{Heap before GC invocations=3 (full 1):
 PSYoungGen      total 53760K, used 7659K [0x00000007bc400000, 0x00000007c0000000, 0x00000007c0000000)
  eden space 46080K, 0% used [0x00000007bc400000,0x00000007bc400000,0x00000007bf100000)
  from space 7680K, 99% used [0x00000007bf880000,0x00000007bfffae68,0x00000007c0000000)
  to   space 7680K, 0% used [0x00000007bf100000,0x00000007bf100000,0x00000007bf880000)
 ParOldGen       total 69632K, used 6369K [0x0000000700000000, 0x0000000704400000, 0x00000007bc400000)
  object space 69632K, 9% used [0x0000000700000000,0x00000007006385e8,0x0000000704400000)
 Metaspace       used 20895K, capacity 21084K, committed 21296K, reserved 1069056K
  class space    used 2580K, capacity 2643K, committed 2688K, reserved 1048576K
Event: 4.373 GC heap after
Heap after GC invocations=3 (full 1):
 PSYoungGen      total 53760K, used 0K [0x00000007bc400000, 0x00000007c0000000, 0x00000007c0000000)
  eden space 46080K, 0% used [0x00000007bc400000,0x00000007bc400000,0x00000007bf100000)
  from space 7680K, 0% used [0x00000007bf880000,0x00000007bf880000,0x00000007c0000000)
  to   space 7680K, 0% used [0x00000007bf100000,0x00000007bf100000,0x00000007bf880000)
 ParOldGen       total 97792K, used 12437K [0x0000000700000000, 0x0000000705f80000, 0x00000007bc400000)
  object space 97792K, 12% used [0x0000000700000000,0x0000000700c25530,0x0000000705f80000)
 Metaspace       used 20895K, capacity 21084K, committed 21296K, reserved 1069056K
  class space    used 2580K, capacity 2643K, committed 2688K, reserved 1048576K
}
Event: 4.905 GC heap before
{Heap before GC invocations=4 (full 1):
 PSYoungGen      total 53760K, used 46080K [0x00000007bc400000, 0x00000007c0000000, 0x00000007c0000000)
  eden space 46080K, 100% used [0x00000007bc400000,0x00000007bf100000,0x00000007bf100000)
  from space 7680K, 0% used [0x00000007bf880000,0x00000007bf880000,0x00000007c0000000)
  to   space 7680K, 0% used [0x00000007bf100000,0x00000007bf100000,0x00000007bf880000)
 ParOldGen       total 97792K, used 12437K [0x0000000700000000, 0x0000000705f80000, 0x00000007bc400000)
  object space 97792K, 12% used [0x0000000700000000,0x0000000700c25530,0x0000000705f80000)
 Metaspace       used 26665K, capacity 26953K, committed 27264K, reserved 1073152K
  class space    used 3380K, capacity 3454K, committed 3456K, reserved 1048576K
Event: 4.912 GC heap after
Heap after GC invocations=4 (full 1):
 PSYoungGen      total 53760K, used 7676K [0x00000007bc400000, 0x00000007c0000000, 0x00000007c0000000)
  eden space 46080K, 0% used [0x00000007bc400000,0x00000007bc400000,0x00000007bf100000)
  from space 7680K, 99% used [0x00000007bf100000,0x00000007bf87f200,0x00000007bf880000)
  to   space 7680K, 0% used [0x00000007bf880000,0x00000007bf880000,0x00000007c0000000)
 ParOldGen       total 97792K, used 13492K [0x0000000700000000, 0x0000000705f80000, 0x00000007bc400000)
  object space 97792K, 13% used [0x0000000700000000,0x0000000700d2d0b8,0x0000000705f80000)
 Metaspace       used 26665K, capacity 26953K, committed 27264K, reserved 1073152K
  class space    used 3380K, capacity 3454K, committed 3456K, reserved 1048576K
}
Event: 5.389 GC heap before
{Heap before GC invocations=5 (full 1):
 PSYoungGen      total 53760K, used 53756K [0x00000007bc400000, 0x00000007c0000000, 0x00000007c0000000)
  eden space 46080K, 100% used [0x00000007bc400000,0x00000007bf100000,0x00000007bf100000)
  from space 7680K, 99% used [0x00000007bf100000,0x00000007bf87f200,0x00000007bf880000)
  to   space 7680K, 0% used [0x00000007bf880000,0x00000007bf880000,0x00000007c0000000)
 ParOldGen       total 97792K, used 13492K [0x0000000700000000, 0x0000000705f80000, 0x00000007bc400000)
  object space 97792K, 13% used [0x0000000700000000,0x0000000700d2d0b8,0x0000000705f80000)
 Metaspace       used 30083K, capacity 30357K, committed 30592K, reserved 1075200K
  class space    used 4009K, capacity 4100K, committed 4224K, reserved 1048576K
Event: 5.395 GC heap after
Heap after GC invocations=5 (full 1):
 PSYoungGen      total 53760K, used 7668K [0x00000007bc400000, 0x00000007c0000000, 0x00000007c0000000)
  eden space 46080K, 0% used [0x00000007bc400000,0x00000007bc400000,0x00000007bf100000)
  from space 7680K, 99% used [0x00000007bf880000,0x00000007bfffd058,0x00000007c0000000)
  to   space 7680K, 0% used [0x00000007bf100000,0x00000007bf100000,0x00000007bf880000)
 ParOldGen       total 97792K, used 17881K [0x0000000700000000, 0x0000000705f80000, 0x00000007bc400000)
  object space 97792K, 18% used [0x0000000700000000,0x00000007011764f8,0x0000000705f80000)
 Metaspace       used 30083K, capacity 30357K, committed 30592K, reserved 1075200K
  class space    used 4009K, capacity 4100K, committed 4224K, reserved 1048576K
}
Event: 5.825 GC heap before
{Heap before GC invocations=6 (full 1):
 PSYoungGen      total 53760K, used 39694K [0x00000007bc400000, 0x00000007c0000000, 0x00000007c0000000)
  eden space 46080K, 69% used [0x00000007bc400000,0x00000007be346838,0x00000007bf100000)
  from space 7680K, 99% used [0x00000007bf880000,0x00000007bfffd058,0x00000007c0000000)
  to   space 7680K, 0% used [0x00000007bf100000,0x00000007bf100000,0x00000007bf880000)
 ParOldGen       total 97792K, used 17881K [0x0000000700000000, 0x0000000705f80000, 0x00000007bc400000)
  object space 97792K, 18% used [0x0000000700000000,0x00000007011764f8,0x0000000705f80000)
 Metaspace       used 34901K, capacity 35224K, committed 35456K, reserved 1079296K
  class space    used 4833K, capacity 4938K, committed 4992K, reserved 1048576K
Event: 5.832 GC heap after
Heap after GC invocations=6 (full 1):
 PSYoungGen      total 53760K, used 7654K [0x00000007bc400000, 0x00000007c0000000, 0x00000007c0000000)
  eden space 46080K, 0% used [0x00000007bc400000,0x00000007bc400000,0x00000007bf100000)
  from space 7680K, 99% used [0x00000007bf100000,0x00000007bf879b50,0x00000007bf880000)
  to   space 7680K, 0% used [0x00000007bf880000,0x00000007bf880000,0x00000007c0000000)
 ParOldGen       total 97792K, used 36663K [0x0000000700000000, 0x0000000705f80000, 0x00000007bc400000)
  object space 97792K, 37% used [0x0000000700000000,0x00000007023cdec0,0x0000000705f80000)
 Metaspace       used 34901K, capacity 35224K, committed 35456K, reserved 1079296K
  class space    used 4833K, capacity 4938K, committed 4992K, reserved 1048576K
}
Event: 5.832 GC heap before
{Heap before GC invocations=7 (full 2):
 PSYoungGen      total 53760K, used 7654K [0x00000007bc400000, 0x00000007c0000000, 0x00000007c0000000)
  eden space 46080K, 0% used [0x00000007bc400000,0x00000007bc400000,0x00000007bf100000)
  from space 7680K, 99% used [0x00000007bf100000,0x00000007bf879b50,0x00000007bf880000)
  to   space 7680K, 0% used [0x00000007bf880000,0x00000007bf880000,0x00000007c0000000)
 ParOldGen       total 97792K, used 36663K [0x0000000700000000, 0x0000000705f80000, 0x00000007bc400000)
  object space 97792K, 37% used [0x0000000700000000,0x00000007023cdec0,0x0000000705f80000)
 Metaspace       used 34901K, capacity 35224K, committed 35456K, reserved 1079296K
  class space    used 4833K, capacity 4938K, committed 4992K, reserved 1048576K
Event: 5.889 GC heap after
Heap after GC invocations=7 (full 2):
 PSYoungGen      total 53760K, used 0K [0x00000007bc400000, 0x00000007c0000000, 0x00000007c0000000)
  eden space 46080K, 0% used [0x00000007bc400000,0x00000007bc400000,0x00000007bf100000)
  from space 7680K, 0% used [0x00000007bf100000,0x00000007bf100000,0x00000007bf880000)
  to   space 7680K, 0% used [0x00000007bf880000,0x00000007bf880000,0x00000007c0000000)
 ParOldGen       total 180224K, used 28764K [0x0000000700000000, 0x000000070b000000, 0x00000007bc400000)
  object space 180224K, 15% used [0x0000000700000000,0x0000000701c171f0,0x000000070b000000)
 Metaspace       used 34901K, capacity 35224K, committed 35456K, reserved 1079296K
  class space    used 4833K, capacity 4938K, committed 4992K, reserved 1048576K
}

