# JRE version: Java(TM) SE Runtime Environment (8.0_66-b18) (build 1.8.0_66-b18)
# Java VM: Java HotSpot(TM) 64-Bit Server VM (25.66-b18 mixed mode windows-amd64 compressed oops)
Heap:
 PSYoungGen      total 53760K, used 2343K [0x00000007bc400000, 0x00000007c0000000, 0x00000007c0000000)
  eden space 46080K, 5% used [0x00000007bc400000,0x00000007bc649f48,0x00000007bf100000)
  from space 7680K, 0% used [0x00000007bf100000,0x00000007bf100000,0x00000007bf880000)
  to   space 7680K, 0% used [0x00000007bf880000,0x00000007bf880000,0x00000007c0000000)
 ParOldGen       total 169984K, used 28694K [0x0000000700000000, 0x000000070a600000, 0x00000007bc400000)
  object space 169984K, 16% used [0x0000000700000000,0x0000000701c05808,0x000000070a600000)
 Metaspace       used 35063K, capacity 35416K, committed 35712K, reserved 1079296K
  class space    used 4867K, capacity 4938K, committed 4992K, reserved 1048576K
GC Heap History (10 events):
Event: 3.566 GC heap before
{Heap before GC invocations=3 (full 1):
 PSYoungGen      total 53760K, used 7649K [0x00000007bc400000, 0x00000007c0000000, 0x00000007c0000000)
  eden space 46080K, 0% used [0x00000007bc400000,0x00000007bc400000,0x00000007bf100000)
  from space 7680K, 99% used [0x00000007bf880000,0x00000007bfff8638,0x00000007c0000000)
  to   space 7680K, 0% used [0x00000007bf100000,0x00000007bf100000,0x00000007bf880000)
 ParOldGen       total 69632K, used 5977K [0x0000000700000000, 0x0000000704400000, 0x00000007bc400000)
  object space 69632K, 8% used [0x0000000700000000,0x00000007005d6700,0x0000000704400000)
 Metaspace       used 20920K, capacity 21084K, committed 21296K, reserved 1069056K
  class space    used 2585K, capacity 2643K, committed 2688K, reserved 1048576K
Event: 3.606 GC heap after
Heap after GC invocations=3 (full 1):
 PSYoungGen      total 53760K, used 0K [0x00000007bc400000, 0x00000007c0000000, 0x00000007c0000000)
  eden space 46080K, 0% used [0x00000007bc400000,0x00000007bc400000,0x00000007bf100000)
  from space 7680K, 0% used [0x00000007bf880000,0x00000007bf880000,0x00000007c0000000)
  to   space 7680K, 0% used [0x00000007bf100000,0x00000007bf100000,0x00000007bf880000)
 ParOldGen       total 92672K, used 12531K [0x0000000700000000, 0x0000000705a80000, 0x00000007bc400000)
  object space 92672K, 13% used [0x0000000700000000,0x0000000700c3cff0,0x0000000705a80000)
 Metaspace       used 20920K, capacity 21084K, committed 21296K, reserved 1069056K
  class space    used 2585K, capacity 2643K, committed 2688K, reserved 1048576K
}
Event: 4.099 GC heap before
{Heap before GC invocations=4 (full 1):
 PSYoungGen      total 53760K, used 46080K [0x00000007bc400000, 0x00000007c0000000, 0x00000007c0000000)
  eden space 46080K, 100% used [0x00000007bc400000,0x00000007bf100000,0x00000007bf100000)
  from space 7680K, 0% used [0x00000007bf880000,0x00000007bf880000,0x00000007c0000000)
  to   space 7680K, 0% used [0x00000007bf100000,0x00000007bf100000,0x00000007bf880000)
 ParOldGen       total 92672K, used 12531K [0x0000000700000000, 0x0000000705a80000, 0x00000007bc400000)
  object space 92672K, 13% used [0x0000000700000000,0x0000000700c3cff0,0x0000000705a80000)
 Metaspace       used 26682K, capacity 26985K, committed 27392K, reserved 1073152K
  class space    used 3391K, capacity 3486K, committed 3584K, reserved 1048576K
Event: 4.103 GC heap after
Heap after GC invocations=4 (full 1):
 PSYoungGen      total 53760K, used 7650K [0x00000007bc400000, 0x00000007c0000000, 0x00000007c0000000)
  eden space 46080K, 0% used [0x00000007bc400000,0x00000007bc400000,0x00000007bf100000)
  from space 7680K, 99% used [0x00000007bf100000,0x00000007bf878ba0,0x00000007bf880000)
  to   space 7680K, 0% used [0x00000007bf880000,0x00000007bf880000,0x00000007c0000000)
 ParOldGen       total 92672K, used 13658K [0x0000000700000000, 0x0000000705a80000, 0x00000007bc400000)
  object space 92672K, 14% used [0x0000000700000000,0x0000000700d568c0,0x0000000705a80000)
 Metaspace       used 26682K, capacity 26985K, committed 27392K, reserved 1073152K
  class space    used 3391K, capacity 3486K, committed 3584K, reserved 1048576K
}
Event: 4.571 GC heap before
{Heap before GC invocations=5 (full 1):
 PSYoungGen      total 53760K, used 53730K [0x00000007bc400000, 0x00000007c0000000, 0x00000007c0000000)
  eden space 46080K, 100% used [0x00000007bc400000,0x00000007bf100000,0x00000007bf100000)
  from space 7680K, 99% used [0x00000007bf100000,0x00000007bf878ba0,0x00000007bf880000)
  to   space 7680K, 0% used [0x00000007bf880000,0x00000007bf880000,0x00000007c0000000)
 ParOldGen       total 92672K, used 13658K [0x0000000700000000, 0x0000000705a80000, 0x00000007bc400000)
  object space 92672K, 14% used [0x0000000700000000,0x0000000700d568c0,0x0000000705a80000)
 Metaspace       used 29969K, capacity 30293K, committed 30592K, reserved 1075200K
  class space    used 4011K, capacity 4100K, committed 4224K, reserved 1048576K
Event: 4.580 GC heap after
Heap after GC invocations=5 (full 1):
 PSYoungGen      total 53760K, used 7664K [0x00000007bc400000, 0x00000007c0000000, 0x00000007c0000000)
  eden space 46080K, 0% used [0x00000007bc400000,0x00000007bc400000,0x00000007bf100000)
  from space 7680K, 99% used [0x00000007bf880000,0x00000007bfffc010,0x00000007c0000000)
  to   space 7680K, 0% used [0x00000007bf100000,0x00000007bf100000,0x00000007bf880000)
 ParOldGen       total 92672K, used 17953K [0x0000000700000000, 0x0000000705a80000, 0x00000007bc400000)
  object space 92672K, 19% used [0x0000000700000000,0x00000007011887a0,0x0000000705a80000)
 Metaspace       used 29969K, capacity 30293K, committed 30592K, reserved 1075200K
  class space    used 4011K, capacity 4100K, committed 4224K, reserved 1048576K
}
Event: 5.072 GC heap before
{Heap before GC invocations=6 (full 1):
 PSYoungGen      total 53760K, used 38866K [0x00000007bc400000, 0x00000007c0000000, 0x00000007c0000000)
  eden space 46080K, 67% used [0x00000007bc400000,0x00000007be2789d8,0x00000007bf100000)
  from space 7680K, 99% used [0x00000007bf880000,0x00000007bfffc010,0x00000007c0000000)
  to   space 7680K, 0% used [0x00000007bf100000,0x00000007bf100000,0x00000007bf880000)
 ParOldGen       total 92672K, used 17953K [0x0000000700000000, 0x0000000705a80000, 0x00000007bc400000)
  object space 92672K, 19% used [0x0000000700000000,0x00000007011887a0,0x0000000705a80000)
 Metaspace       used 34902K, capacity 35224K, committed 35456K, reserved 1079296K
  class space    used 4840K, capacity 4938K, committed 4992K, reserved 1048576K
Event: 5.080 GC heap after
Heap after GC invocations=6 (full 1):
 PSYoungGen      total 53760K, used 7663K [0x00000007bc400000, 0x00000007c0000000, 0x00000007c0000000)
  eden space 46080K, 0% used [0x00000007bc400000,0x00000007bc400000,0x00000007bf100000)
  from space 7680K, 99% used [0x00000007bf100000,0x00000007bf87bc48,0x00000007bf880000)
  to   space 7680K, 0% used [0x00000007bf880000,0x00000007bf880000,0x00000007c0000000)
 ParOldGen       total 92672K, used 37066K [0x0000000700000000, 0x0000000705a80000, 0x00000007bc400000)
  object space 92672K, 39% used [0x0000000700000000,0x0000000702432b50,0x0000000705a80000)
 Metaspace       used 34902K, capacity 35224K, committed 35456K, reserved 1079296K
  class space    used 4840K, capacity 4938K, committed 4992K, reserved 1048576K
}
Event: 5.080 GC heap before
{Heap before GC invocations=7 (full 2):
 PSYoungGen      total 53760K, used 7663K [0x00000007bc400000, 0x00000007c0000000, 0x00000007c0000000)
  eden space 46080K, 0% used [0x00000007bc400000,0x00000007bc400000,0x00000007bf100000)
  from space 7680K, 99% used [0x00000007bf100000,0x00000007bf87bc48,0x00000007bf880000)
  to   space 7680K, 0% used [0x00000007bf880000,0x00000007bf880000,0x00000007c0000000)
 ParOldGen       total 92672K, used 37066K [0x0000000700000000, 0x0000000705a80000, 0x00000007bc400000)
  object space 92672K, 39% used [0x0000000700000000,0x0000000702432b50,0x0000000705a80000)
 Metaspace       used 34902K, capacity 35224K, committed 35456K, reserved 1079296K
  class space    used 4840K, capacity 4938K, committed 4992K, reserved 1048576K
Event: 5.137 GC heap after
Heap after GC invocations=7 (full 2):
 PSYoungGen      total 53760K, used 0K [0x00000007bc400000, 0x00000007c0000000, 0x00000007c0000000)
  eden space 46080K, 0% used [0x00000007bc400000,0x00000007bc400000,0x00000007bf100000)
  from space 7680K, 0% used [0x00000007bf100000,0x00000007bf100000,0x00000007bf880000)
  to   space 7680K, 0% used [0x00000007bf880000,0x00000007bf880000,0x00000007c0000000)
 ParOldGen       total 169984K, used 28694K [0x0000000700000000, 0x000000070a600000, 0x00000007bc400000)
  object space 169984K, 16% used [0x0000000700000000,0x0000000701c05808,0x000000070a600000)
 Metaspace       used 34902K, capacity 35224K, committed 35456K, reserved 1079296K
  class space    used 4840K, capacity 4938K, committed 4992K, reserved 1048576K
}

